2023-12-27 00:26:11,582 [INFO] Activator:176 - 


2023-12-27 00:26:11,588 [INFO] Activator:177 - !SESSION log4j initialized
2023-12-27 00:26:14,818 [ERROR] LogOutputStream:75 - [STDERR_REDIRECT] 
2023-12-27 00:26:15,515 [INFO] LogOutputStream:77 - [STDOUT_REDIRECT] 
2023-12-27 00:26:16,999 [INFO] LogOutputStream:77 - [STDOUT_REDIRECT] 
2023-12-27 00:26:19,157 [INFO] ApplicationProperties:184 - Using Application install path: /Applications/STM32CubeIDE.app/Contents/Eclipse/plugins/com.st.stm32cube.common.mx_6.10.0.202311202037
2023-12-27 00:26:19,170 [INFO] DbMcusXml:78 - Set database path to: /Applications/STM32CubeIDE.app/Contents/Eclipse/plugins/com.st.stm32cube.common.mx_6.10.0.202311202037//db//mcu/
2023-12-27 00:26:19,170 [INFO] ApiDb:274 - Set plugin database path to: /Applications/STM32CubeIDE.app/Contents/Eclipse/plugins/com.st.stm32cube.common.mx_6.10.0.202311202037//db//plugins/boardmanager/
2023-12-27 00:26:19,171 [WARN] ApiDb:259 - Overriding images path with different value:  => /Applications/STM32CubeIDE.app/Contents/Eclipse/plugins/com.st.stm32cube.common.mx_6.10.0.202311202037//db//plugins/mcufinder/images/
2023-12-27 00:26:19,179 [INFO] ApiDb:250 - Set database path to: /Users/cees/.stmcufinder/plugins/mcufinder//mcu/
2023-12-27 00:26:19,180 [INFO] DbMcusAds:125 - Set database path to: /Users/cees/.stmcufinder/plugins/mcufinder//mcu/
2023-12-27 00:26:19,182 [INFO] CrossReferenceDbSqlite:203 - Set database path to: /Users/cees/.stmcufinder/plugins/mcufinder//mcu/cs/
2023-12-27 00:26:19,304 [INFO] RulesReader:64 - Compatibility file has been processed (297 Rules)
2023-12-27 00:26:19,372 [INFO] DbMcusXml:78 - Set database path to: /Applications/STM32CubeIDE.app/Contents/Eclipse/plugins/com.st.stm32cube.common.mx_6.10.0.202311202037//db//mcu/
2023-12-27 00:26:19,372 [INFO] ApiDb:274 - Set plugin database path to: /Applications/STM32CubeIDE.app/Contents/Eclipse/plugins/com.st.stm32cube.common.mx_6.10.0.202311202037//db//plugins/boardmanager/
2023-12-27 00:26:19,373 [INFO] ApiDb:261 - Set plugin images path to: /Applications/STM32CubeIDE.app/Contents/Eclipse/plugins/com.st.stm32cube.common.mx_6.10.0.202311202037//db//plugins/mcufinder/images/
2023-12-27 00:26:19,373 [WARN] DbFile:41 - Overriding database path with different value: /Users/cees/.stmcufinder/plugins/mcufinder/ => /Users/cees/.stmcufinder/plugins/mcufinder
2023-12-27 00:26:19,373 [INFO] ApiDb:250 - Set database path to: /Users/cees/.stmcufinder/plugins/mcufinder//mcu/
2023-12-27 00:26:19,373 [WARN] DbFile:41 - Overriding database path with different value: /Users/cees/.stmcufinder/plugins/mcufinder/ => /Users/cees/.stmcufinder/plugins/mcufinder
2023-12-27 00:26:19,373 [INFO] DbMcusAds:125 - Set database path to: /Users/cees/.stmcufinder/plugins/mcufinder//mcu/
2023-12-27 00:26:19,374 [WARN] DbFile:41 - Overriding database path with different value: /Users/cees/.stmcufinder/plugins/mcufinder/ => /Users/cees/.stmcufinder/plugins/mcufinder
2023-12-27 00:26:19,374 [WARN] DbFile:41 - Overriding database path with different value: /Users/cees/.stmcufinder/plugins/mcufinder/ => /Users/cees/.stmcufinder/plugins/mcufinder
2023-12-27 00:26:19,374 [INFO] CrossReferenceDbSqlite:203 - Set database path to: /Users/cees/.stmcufinder/plugins/mcufinder//mcu/cs/
2023-12-27 00:26:19,453 [INFO] MainPanel:264 - HeapMemory: 268435456
2023-12-27 00:26:19,540 [INFO] DbMcusXml:78 - Set database path to: /Applications/STM32CubeIDE.app/Contents/Eclipse/plugins/com.st.stm32cube.common.mx_6.10.0.202311202037//db//mcu/
2023-12-27 00:26:19,540 [INFO] ApiDb:274 - Set plugin database path to: /Applications/STM32CubeIDE.app/Contents/Eclipse/plugins/com.st.stm32cube.common.mx_6.10.0.202311202037//db//plugins/boardmanager/
2023-12-27 00:26:19,540 [INFO] ApiDb:261 - Set plugin images path to: /Applications/STM32CubeIDE.app/Contents/Eclipse/plugins/com.st.stm32cube.common.mx_6.10.0.202311202037//db//plugins/mcufinder/images/
2023-12-27 00:26:19,541 [WARN] DbFile:41 - Overriding database path with different value: /Users/cees/.stmcufinder/plugins/mcufinder/ => /Users/cees/.stmcufinder/plugins/mcufinder
2023-12-27 00:26:19,541 [INFO] ApiDb:250 - Set database path to: /Users/cees/.stmcufinder/plugins/mcufinder//mcu/
2023-12-27 00:26:19,541 [WARN] DbFile:41 - Overriding database path with different value: /Users/cees/.stmcufinder/plugins/mcufinder/ => /Users/cees/.stmcufinder/plugins/mcufinder
2023-12-27 00:26:19,541 [INFO] DbMcusAds:125 - Set database path to: /Users/cees/.stmcufinder/plugins/mcufinder//mcu/
2023-12-27 00:26:19,541 [WARN] DbFile:41 - Overriding database path with different value: /Users/cees/.stmcufinder/plugins/mcufinder/ => /Users/cees/.stmcufinder/plugins/mcufinder
2023-12-27 00:26:19,541 [WARN] DbFile:41 - Overriding database path with different value: /Users/cees/.stmcufinder/plugins/mcufinder/ => /Users/cees/.stmcufinder/plugins/mcufinder
2023-12-27 00:26:19,541 [INFO] CrossReferenceDbSqlite:203 - Set database path to: /Users/cees/.stmcufinder/plugins/mcufinder//mcu/cs/
2023-12-27 00:26:19,559 [INFO] ApplicationProperties:184 - Using Application install path: /Applications/STM32CubeIDE.app/Contents/Eclipse/plugins/com.st.stm32cube.common.mx_6.10.0.202311202037
2023-12-27 00:26:19,560 [INFO] PluginManage:196 - Search for loadable plugins [exclusion list=, ]
2023-12-27 00:26:19,562 [INFO] PluginManage:310 - Check plugin analytics
2023-12-27 00:26:19,828 [INFO] AnalyticsPlugin:253 - Accepted Software Licenses: 
2023-12-27 00:26:19,829 [INFO] AnalyticsPlugin:255 - Accepted CMSIS Pack Licenses: 
2023-12-27 00:26:19,832 [INFO] AnalyticsPlugin:257 - Accepted Firmware Licenses: 
2023-12-27 00:26:19,844 [INFO] PluginManage:359 - Loaded plugin analytics (category:tool,tabindex:-1)
2023-12-27 00:26:19,845 [INFO] PluginManage:310 - Check plugin cadmodel
2023-12-27 00:26:20,281 [ERROR] LogOutputStream:75 - [STDERR_REDIRECT] [Fatal Error] :2:10: DOCTYPE is disallowed when the feature "http://apache.org/xml/features/disallow-doctype-decl" set to true.
2023-12-27 00:26:20,282 [ERROR] LogOutputStream:75 - [STDERR_REDIRECT] 
2023-12-27 00:26:20,917 [INFO] CADModel:105 - Init CAD model plugin
2023-12-27 00:26:20,918 [INFO] PluginManage:359 - Loaded plugin cadmodel (category:power,tabindex:5)
2023-12-27 00:26:20,918 [INFO] PluginManage:310 - Check plugin clock
2023-12-27 00:26:20,931 [INFO] PluginManage:359 - Loaded plugin clock (category:base,tabindex:2)
2023-12-27 00:26:20,932 [INFO] PluginManage:310 - Check plugin ddr
2023-12-27 00:26:20,935 [INFO] PluginManage:359 - Loaded plugin ddr (category:tool,tabindex:6)
2023-12-27 00:26:20,935 [INFO] PluginManage:310 - Check plugin filemanager
2023-12-27 00:26:21,090 [INFO] PluginManage:359 - Loaded plugin filemanager (category:base,tabindex:10)
2023-12-27 00:26:21,091 [INFO] PluginManage:310 - Check plugin ipmanager
2023-12-27 00:26:21,098 [INFO] PluginManage:359 - Loaded plugin ipmanager (category:base,tabindex:5)
2023-12-27 00:26:21,098 [INFO] PluginManage:310 - Check plugin lpbam
2023-12-27 00:26:21,107 [INFO] PluginManage:359 - Loaded plugin lpbam (category:base,tabindex:0)
2023-12-27 00:26:21,108 [INFO] PluginManage:310 - Check plugin memorymap
2023-12-27 00:26:21,120 [INFO] PluginManage:359 - Loaded plugin memorymap (category:base,tabindex:4)
2023-12-27 00:26:21,121 [INFO] PluginManage:310 - Check plugin pinoutandconfiguration
2023-12-27 00:26:21,127 [INFO] PluginManage:359 - Loaded plugin pinoutandconfiguration (category:base,tabindex:1)
2023-12-27 00:26:21,128 [INFO] PluginManage:310 - Check plugin pinoutconfig
2023-12-27 00:26:21,222 [WARN] SupportedApi:132 - Cannot load RTOS API schema: s4s-elt-must-match.1: The content of 'definitions' must match (annotation?, (simpleType | complexType)?, (unique | key | keyref)*)). A problem was found starting at: attribute.
2023-12-27 00:26:21,508 [INFO] PluginManage:359 - Loaded plugin pinoutconfig (category:base,tabindex:0)
2023-12-27 00:26:21,509 [INFO] PluginManage:310 - Check plugin power
2023-12-27 00:26:21,530 [INFO] PluginManage:359 - Loaded plugin power (category:power,tabindex:4)
2023-12-27 00:26:21,530 [INFO] PluginManage:310 - Check plugin projectmanager
2023-12-27 00:26:21,566 [INFO] PluginManage:359 - Loaded plugin projectmanager (category:projectmanager,tabindex:3)
2023-12-27 00:26:21,566 [INFO] PluginManage:310 - Check plugin thirdparty
2023-12-27 00:26:21,727 [INFO] PluginManage:359 - Loaded plugin thirdparty (category:base,tabindex:-1)
2023-12-27 00:26:21,728 [INFO] PluginManage:310 - Check plugin tools
2023-12-27 00:26:21,727 [WARN] IntegrityCheckThread:84 - waiting for thirdparty lock release [integrity check]
2023-12-27 00:26:21,731 [INFO] IntegrityCheckThread:86 - entering critical section [integrity check]
2023-12-27 00:26:21,732 [INFO] ThirdPartyUpdaterWithRetryManager:70 - Updater plugin not ready yet. [1/15]
2023-12-27 00:26:21,733 [INFO] PluginManage:359 - Loaded plugin tools (category:base,tabindex:7)
2023-12-27 00:26:21,733 [INFO] PluginManage:310 - Check plugin tutovideos
2023-12-27 00:26:21,902 [INFO] PluginManage:359 - Loaded plugin tutovideos (category:base,tabindex:-1)
2023-12-27 00:26:21,902 [INFO] PluginManage:310 - Check plugin updater
2023-12-27 00:26:21,915 [INFO] PluginManage:359 - Loaded plugin updater (category:base,tabindex:12)
2023-12-27 00:26:21,915 [INFO] PluginManage:310 - Check plugin userauth
2023-12-27 00:26:21,920 [INFO] UserAuth:114 - Init User Auth plugin
2023-12-27 00:26:21,920 [INFO] PluginManage:359 - Loaded plugin userauth (category:base,tabindex:14)
2023-12-27 00:26:21,922 [INFO] PluginManage:283 - PluginManage : Loaded plugins [17]
2023-12-27 00:26:22,179 [INFO] PinOutPanel:1499 - setPackage(No Configuration,No Configuration)
2023-12-27 00:26:22,296 [INFO] CADModel:165 - CPN selected for project level
2023-12-27 00:26:22,297 [INFO] CADModel:114 - Register for checkConnection events
2023-12-27 00:26:22,318 [INFO] IPUIPlugin:80 - create IPUIPlugin
2023-12-27 00:26:22,319 [INFO] PluginManager:220 - loadIPPluginJar : add mdma
2023-12-27 00:26:22,324 [INFO] IPUIPlugin:80 - create IPUIPlugin
2023-12-27 00:26:22,324 [INFO] PluginManager:220 - loadIPPluginJar : add freertos
2023-12-27 00:26:22,328 [INFO] IPUIPlugin:80 - create IPUIPlugin
2023-12-27 00:26:22,328 [INFO] PluginManager:220 - loadIPPluginJar : add gic
2023-12-27 00:26:22,334 [INFO] IPUIPlugin:80 - create IPUIPlugin
2023-12-27 00:26:22,334 [INFO] PluginManager:220 - loadIPPluginJar : add adc
2023-12-27 00:26:22,336 [INFO] IPUIPlugin:80 - create IPUIPlugin
2023-12-27 00:26:22,337 [INFO] PluginManager:220 - loadIPPluginJar : add gtzc
2023-12-27 00:26:22,338 [INFO] IPUIPlugin:80 - create IPUIPlugin
2023-12-27 00:26:22,338 [INFO] PluginManager:220 - loadIPPluginJar : add quadspi
2023-12-27 00:26:22,339 [INFO] IPUIPlugin:80 - create IPUIPlugin
2023-12-27 00:26:22,339 [INFO] PluginManager:220 - loadIPPluginJar : add aes
2023-12-27 00:26:22,341 [INFO] IPUIPlugin:80 - create IPUIPlugin
2023-12-27 00:26:22,341 [INFO] PluginManager:220 - loadIPPluginJar : add pdm2pcm
2023-12-27 00:26:22,343 [INFO] IPUIPlugin:80 - create IPUIPlugin
2023-12-27 00:26:22,343 [INFO] PluginManager:220 - loadIPPluginJar : add hash
2023-12-27 00:26:22,345 [INFO] IPUIPlugin:80 - create IPUIPlugin
2023-12-27 00:26:22,345 [INFO] PluginManager:220 - loadIPPluginJar : add tim
2023-12-27 00:26:22,346 [INFO] IPUIPlugin:80 - create IPUIPlugin
2023-12-27 00:26:22,346 [INFO] PluginManager:220 - loadIPPluginJar : add tsc
2023-12-27 00:26:22,347 [INFO] IPUIPlugin:80 - create IPUIPlugin
2023-12-27 00:26:22,347 [INFO] PluginManager:220 - loadIPPluginJar : add ts
2023-12-27 00:26:22,349 [INFO] IPUIPlugin:80 - create IPUIPlugin
2023-12-27 00:26:22,349 [INFO] PluginManager:220 - loadIPPluginJar : add can
2023-12-27 00:26:22,351 [INFO] IPUIPlugin:80 - create IPUIPlugin
2023-12-27 00:26:22,351 [INFO] PluginManager:220 - loadIPPluginJar : add dma3
2023-12-27 00:26:22,352 [INFO] IPUIPlugin:80 - create IPUIPlugin
2023-12-27 00:26:22,352 [INFO] PluginManager:220 - loadIPPluginJar : add dfsdm
2023-12-27 00:26:22,354 [INFO] IPUIPlugin:80 - create IPUIPlugin
2023-12-27 00:26:22,354 [INFO] PluginManager:220 - loadIPPluginJar : add spi
2023-12-27 00:26:22,355 [INFO] IPUIPlugin:80 - create IPUIPlugin
2023-12-27 00:26:22,355 [INFO] PluginManager:220 - loadIPPluginJar : add gfxmmu
2023-12-27 00:26:22,356 [INFO] IPUIPlugin:80 - create IPUIPlugin
2023-12-27 00:26:22,356 [INFO] PluginManager:220 - loadIPPluginJar : add genericplugin
2023-12-27 00:26:22,358 [INFO] IPUIPlugin:80 - create IPUIPlugin
2023-12-27 00:26:22,358 [INFO] PluginManager:220 - loadIPPluginJar : add cryp
2023-12-27 00:26:22,360 [INFO] IPUIPlugin:80 - create IPUIPlugin
2023-12-27 00:26:22,360 [INFO] PluginManager:220 - loadIPPluginJar : add gpio
2023-12-27 00:26:22,362 [INFO] IPUIPlugin:80 - create IPUIPlugin
2023-12-27 00:26:22,362 [INFO] PluginManager:220 - loadIPPluginJar : add comp
2023-12-27 00:26:22,363 [INFO] IPUIPlugin:80 - create IPUIPlugin
2023-12-27 00:26:22,364 [INFO] PluginManager:220 - loadIPPluginJar : add tracer_emb
2023-12-27 00:26:22,365 [INFO] IPUIPlugin:80 - create IPUIPlugin
2023-12-27 00:26:22,366 [INFO] PluginManager:220 - loadIPPluginJar : add openamp
2023-12-27 00:26:22,368 [INFO] IPUIPlugin:80 - create IPUIPlugin
2023-12-27 00:26:22,368 [INFO] PluginManager:220 - loadIPPluginJar : add stm32_wpan
2023-12-27 00:26:22,371 [INFO] IPUIPlugin:80 - create IPUIPlugin
2023-12-27 00:26:22,383 [INFO] PluginManager:220 - loadIPPluginJar : add plateformsettings
2023-12-27 00:26:22,386 [INFO] IPUIPlugin:80 - create IPUIPlugin
2023-12-27 00:26:22,386 [INFO] PluginManager:220 - loadIPPluginJar : add ipddr
2023-12-27 00:26:22,389 [INFO] IPUIPlugin:80 - create IPUIPlugin
2023-12-27 00:26:22,389 [INFO] PluginManager:220 - loadIPPluginJar : add usart
2023-12-27 00:26:22,390 [INFO] IPUIPlugin:80 - create IPUIPlugin
2023-12-27 00:26:22,391 [INFO] PluginManager:220 - loadIPPluginJar : add ltdc
2023-12-27 00:26:22,393 [INFO] IPUIPlugin:80 - create IPUIPlugin
2023-12-27 00:26:22,393 [INFO] PluginManager:220 - loadIPPluginJar : add nvic
2023-12-27 00:26:22,394 [INFO] IPUIPlugin:80 - create IPUIPlugin
2023-12-27 00:26:22,394 [INFO] PluginManager:220 - loadIPPluginJar : add fatfs
2023-12-27 00:26:22,397 [INFO] IPUIPlugin:80 - create IPUIPlugin
2023-12-27 00:26:22,397 [INFO] PluginManager:220 - loadIPPluginJar : add linkedlist
2023-12-27 00:26:22,402 [INFO] IPUIPlugin:80 - create IPUIPlugin
2023-12-27 00:26:22,402 [INFO] PluginManager:220 - loadIPPluginJar : add dma
2023-12-27 00:26:22,406 [INFO] IPUIPlugin:80 - create IPUIPlugin
2023-12-27 00:26:22,406 [INFO] PluginManager:220 - loadIPPluginJar : add fmc
2023-12-27 00:26:22,408 [INFO] IPUIPlugin:80 - create IPUIPlugin
2023-12-27 00:26:22,408 [INFO] PluginManager:220 - loadIPPluginJar : add i2s
2023-12-27 00:26:22,410 [INFO] IPUIPlugin:80 - create IPUIPlugin
2023-12-27 00:26:22,410 [INFO] PluginManager:220 - loadIPPluginJar : add ucpd
2023-12-27 00:26:22,412 [INFO] IPUIPlugin:80 - create IPUIPlugin
2023-12-27 00:26:22,412 [INFO] PluginManager:220 - loadIPPluginJar : add lorawan
2023-12-27 00:26:22,414 [INFO] IPUIPlugin:80 - create IPUIPlugin
2023-12-27 00:26:22,414 [INFO] PluginManager:220 - loadIPPluginJar : add opamp
2023-12-27 00:26:22,416 [INFO] IPUIPlugin:80 - create IPUIPlugin
2023-12-27 00:26:22,416 [INFO] PluginManager:220 - loadIPPluginJar : add i3c
2023-12-27 00:26:22,418 [INFO] IPUIPlugin:80 - create IPUIPlugin
2023-12-27 00:26:22,418 [INFO] PluginManager:220 - loadIPPluginJar : add touchsensing
2023-12-27 00:26:22,419 [INFO] IPUIPlugin:80 - create IPUIPlugin
2023-12-27 00:26:22,420 [INFO] PluginManager:220 - loadIPPluginJar : add i2c
2023-12-27 00:26:22,422 [INFO] IPUIPlugin:80 - create IPUIPlugin
2023-12-27 00:26:22,423 [INFO] PluginManager:220 - loadIPPluginJar : add resmgrutility
2023-12-27 00:26:22,425 [INFO] IPUIPlugin:80 - create IPUIPlugin
2023-12-27 00:26:22,425 [INFO] PluginManager:220 - loadIPPluginJar : add sai
2023-12-27 00:26:22,427 [INFO] IPUIPlugin:80 - create IPUIPlugin
2023-12-27 00:26:22,428 [INFO] PluginManager:220 - loadIPPluginJar : add usbx
2023-12-27 00:26:22,562 [INFO] CADModel:165 - CPN selected for project level
2023-12-27 00:26:22,562 [INFO] CADModel:114 - Register for checkConnection events
2023-12-27 00:26:22,563 [FATAL] Updater:308 - Updater called before beeing initialized
2023-12-27 00:26:22,563 [ERROR] CADModel:125 - Updater not yet initialized, retry later 
2023-12-27 00:26:22,782 [INFO] CADModel:165 - CPN selected for project level
2023-12-27 00:26:22,782 [INFO] CADModel:114 - Register for checkConnection events
2023-12-27 00:26:22,783 [FATAL] Updater:308 - Updater called before beeing initialized
2023-12-27 00:26:22,783 [ERROR] CADModel:125 - Updater not yet initialized, retry later 
2023-12-27 00:26:22,785 [FATAL] Updater:308 - Updater called before beeing initialized
2023-12-27 00:26:22,921 [FATAL] Updater:308 - Updater called before beeing initialized
2023-12-27 00:26:22,927 [INFO] DbMcusAds:53 - JSON generation date=Wed Nov 29 11:52:27 CET 2023 (1701255147349)
2023-12-27 00:26:22,927 [FATAL] Updater:308 - Updater called before beeing initialized
2023-12-27 00:26:22,984 [WARN] DetailPanel:346 - Failed to get advertising image, set to default
2023-12-27 00:26:23,051 [FATAL] Updater:308 - Updater called before beeing initialized
2023-12-27 00:26:23,052 [FATAL] Updater:308 - Updater called before beeing initialized
2023-12-27 00:26:23,052 [FATAL] Updater:308 - Updater called before beeing initialized
2023-12-27 00:26:23,052 [WARN] DetailPanel:346 - Failed to get advertising image, set to default
2023-12-27 00:26:23,054 [FATAL] Updater:308 - Updater called before beeing initialized
2023-12-27 00:26:23,128 [ERROR] Updater:1120 - MainUpdater not yet initialized. External WinMGr cannot be set.
2023-12-27 00:26:23,167 [INFO] Updater:1056 - Updater Version found : 6.10.0
2023-12-27 00:26:23,181 [INFO] ApplicationProperties:184 - Using Application install path: /Applications/STM32CubeIDE.app/Contents/Eclipse/plugins/com.st.stm32cube.common.mx_6.10.0.202311202037
2023-12-27 00:26:23,605 [INFO] MainUpdater:2873 - connection check result : 10
2023-12-27 00:26:23,606 [INFO] MainUpdater:290 - Updater Check For Update Now.
2023-12-27 00:26:23,606 [INFO] MicroXplorer:498 - Change Database Version : DB.6.0.100
2023-12-27 00:26:23,610 [INFO] McuFinderGlobals:63 - Set McuFinder mode to 2 (CubeIDE integrated)
2023-12-27 00:26:23,611 [INFO] UserAuth:180 - activating auth plugin
2023-12-27 00:26:23,639 [INFO] UserAuth:404 - Internet connection configuration mode: 1
2023-12-27 00:26:23,654 [INFO] JxBrowserEngine:152 - Initiate JxBrowser Engine with user profile folder
2023-12-27 00:26:23,875 [INFO] CheckServerUpdateThread:120 - End of CheckServer Thread
2023-12-27 00:26:24,870 [WARN] PackLoader:240 - Cannot read IP mode file for STMicroelectronics.FP-SNS-MOTENV1.4.3.2
2023-12-27 00:26:24,904 [WARN] PackLoader:240 - Cannot read IP mode file for STMicroelectronics.FP-SNS-FLIGHT1.5.0.2
2023-12-27 00:26:24,928 [WARN] PackLoader:240 - Cannot read IP mode file for STMicroelectronics.X-CUBE-DISPLAY.3.0.0
2023-12-27 00:26:24,975 [WARN] PackLoader:240 - Cannot read IP mode file for STMicroelectronics.X-CUBE-BLE1.7.0.0
2023-12-27 00:26:25,013 [WARN] PackLoader:240 - Cannot read IP mode file for STMicroelectronics.FP-SNS-SMARTAG2.1.2.0
2023-12-27 00:26:25,042 [WARN] PackLoader:240 - Cannot read IP mode file for STMicroelectronics.X-CUBE-BLE2.3.3.0
2023-12-27 00:26:25,088 [WARN] PackLoader:240 - Cannot read IP mode file for STMicroelectronics.X-CUBE-BLEMGR.3.0.0
2023-12-27 00:26:25,102 [WARN] PackLoader:240 - Cannot read IP mode file for STMicroelectronics.FP-ATR-SIGFOX1.3.2.0
2023-12-27 00:26:25,115 [WARN] PackLoader:240 - Cannot read IP mode file for STMicroelectronics.X-CUBE-AI.8.1.0
2023-12-27 00:26:25,126 [WARN] PackLoader:240 - Cannot read IP mode file for STMicroelectronics.X-CUBE-ALS.1.0.1
2023-12-27 00:26:25,132 [WARN] PackLoader:240 - Cannot read IP mode file for STMicroelectronics.FP-ATR-ASTRA1.2.0.0
2023-12-27 00:26:25,138 [INFO] ThirdParty:978 - Integrity check success = true
2023-12-27 00:26:25,138 [INFO] IntegrityCheckThread:100 - exiting critical section [integrity check]
2023-12-27 00:26:25,138 [INFO] IntegrityCheckThread:103 - End integrity checks thread
2023-12-27 00:26:28,617 [INFO] WebApp:161 - Instantiating new browser for Auth
2023-12-27 00:26:29,732 [INFO] WebApp:780 - Register for checkConnection events
2023-12-27 00:26:29,732 [INFO] WebApp:414 - Apply proxy settings
2023-12-27 00:26:29,738 [INFO] WebApp:459 - Chromium authenticates against Manually configured proxy
2023-12-27 00:26:29,760 [INFO] WebApp:467 - Username used for proxy authentication: 
2023-12-27 00:26:29,903 [INFO] WebApp:192 - Starting web application
2023-12-27 00:26:29,903 [INFO] WebApp:544 - Web application path used /Applications/STM32CubeIDE.app/Contents/Eclipse/plugins/com.st.stm32cube.common.mx_6.10.0.202311202037/db/plugins/mcufinder/reactClient1/index.html
2023-12-27 00:26:51,633 [ERROR] LogOutputStream:75 - [STDERR_REDIRECT] SLF4J: Failed to load class "org.slf4j.impl.StaticLoggerBinder".
2023-12-27 00:26:51,636 [ERROR] LogOutputStream:75 - [STDERR_REDIRECT] SLF4J: Defaulting to no-operation (NOP) logger implementation
2023-12-27 00:26:51,638 [ERROR] LogOutputStream:75 - [STDERR_REDIRECT] SLF4J: See http://www.slf4j.org/codes.html#StaticLoggerBinder for further details.
2023-12-27 00:27:04,449 [ERROR] LogOutputStream:75 - [STDERR_REDIRECT] 
